<?xml version="1.0" encoding="UTF-8"?>
<testsuite xmlns:xsi="http://www.w3.org/2001/XMLSchema-instance" xsi:noNamespaceSchemaLocation="https://maven.apache.org/surefire/maven-failsafe-plugin/xsd/failsafe-test-report.xsd" name="secondTask.ConsoleOutputIT" time="0.066" tests="19" errors="0" skipped="0" failures="0">
  <properties>
[...]
</properties>
  <testcase name="consoleOutputBuild_whenDivisibleIsDecimalAndDividerIsSingleAndTwoSteps" classname="secondTask.ConsoleOutputIT" time="0.036"/>
  <testcase name="consoleOutputBuild_whenDivisibleIsThousandthDividerIsHundredthTwoSteps" classname="secondTask.ConsoleOutputIT" time="0.001"/>
  <testcase name="consoleOutputBuild_whenDivisibleIsHundredthDividerIsSingleThreeSteps" classname="secondTask.ConsoleOutputIT" time="0.001"/>
  <testcase name="consoleOutputBuild_whenDivisibleAndDividerIsDecimal" classname="secondTask.ConsoleOutputIT" time="0.001"/>
  <testcase name="consoleOutputBuild_whenLastSubtrahendEqualToLastMinuend" classname="secondTask.ConsoleOutputIT" time="0.001"/>
  <testcase name="consoleOutputBuild_whenDivisibleLessThanDivider" classname="secondTask.ConsoleOutputIT" time="0"/>
  <testcase name="consoleOutputBuild_whenDivisibleIsMillionAndAbove" classname="secondTask.ConsoleOutputIT" time="0.001"/>
  <testcase name="consoleOutputBuild_whenDivisibleIsThousandthDividerIsSingleFourSteps" classname="secondTask.ConsoleOutputIT" time="0.001"/>
  <testcase name="consoleOutputBuild_whenDivisibleIsHundredthDividerIsDecimalOneStep" classname="secondTask.ConsoleOutputIT" time="0.001"/>
  <testcase name="consoleOutputBuild_whenDivisibleIsHundredthDividerIsSingleTwoSteps" classname="secondTask.ConsoleOutputIT" time="0.002"/>
  <testcase name="consoleOutputBuild_whenDivisibleIsThousandthDividerIsDecimalTwoSteps" classname="secondTask.ConsoleOutputIT" time="0.001"/>
  <testcase name="consoleOutputBuild_whenDivisibleIsDecimalAndDividerIsSingleAndOneStep" classname="secondTask.ConsoleOutputIT" time="0.001"/>
  <testcase name="consoleOutputBuild_whenDivisibleAndDividerAreSingleNumber" classname="secondTask.ConsoleOutputIT" time="0.001"/>
  <testcase name="consoleOutputBuild_whenDivisibleIsHundredthDividerIsDecimalTwoSteps" classname="secondTask.ConsoleOutputIT" time="0.001"/>
  <testcase name="consoleOutputBuild_SubtrahendEqualToMinuendInTheMiddle" classname="secondTask.ConsoleOutputIT" time="0.001"/>
  <testcase name="consoleOutputBuild_whenFirstSubtrahendEqualToFirstMinuend" classname="secondTask.ConsoleOutputIT" time="0.001"/>
  <testcase name="consoleOutputBuild_whenDivisibleAndDividerAreHundredth" classname="secondTask.ConsoleOutputIT" time="0.001"/>
  <testcase name="consoleOutputBuild_whenDivisibleIsThousandthDividerIsSingleThreeSteps" classname="secondTask.ConsoleOutputIT" time="0.001"/>
  <testcase name="consoleOutputBuild_whenDivisibleIsThousandthDividerIsDecimalThreeSteps" classname="secondTask.ConsoleOutputIT" time="0.001"/>
</testsuite>